2019-09-11 14:33:18 [INFO] [org.springframework.boot.StartupInfoLogger:48] - Starting OfficialWebsiteApplication on DESKTOP-JOT3UE1 with PID 17200 (D:\workspaces\tempspace\officialWebsite\target\classes started by Colde in D:\workspaces\tempspace\officialWebsite) 
2019-09-11 14:33:18 [INFO] [org.springframework.boot.SpringApplication:597] - The following profiles are active: prod 
2019-09-11 14:33:18 [INFO] [org.springframework.context.support.AbstractApplicationContext:583] - Refreshing org.springframework.boot.context.embedded.AnnotationConfigEmbeddedWebApplicationContext@11d2ddaf: startup date [Wed Sep 11 14:33:18 CST 2019]; root of context hierarchy 
2019-09-11 14:33:19 [INFO] [org.hibernate.validator.internal.util.Version:30] - HV000001: Hibernate Validator 5.3.6.Final 
2019-09-11 14:33:20 [WARN] [tk.mybatis.spring.mapper.ClassPathMapperScanner:142] - No MyBatis mapper was found in '[com.zkhy.officialWebsite]' package. Please check your configuration. 
2019-09-11 14:33:21 [WARN] [org.mybatis.spring.mapper.ClassPathMapperScanner:166] - No MyBatis mapper was found in '[com.zkhy.officialWebsite]' package. Please check your configuration. 
2019-09-11 14:33:21 [INFO] [org.springframework.context.support.PostProcessorRegistrationDelegate$BeanPostProcessorChecker:327] - Bean 'shiroConfiguration' of type [com.zkhy.officialWebsite.config.ShiroConfiguration$$EnhancerBySpringCGLIB$$7c0f79a4] is not eligible for getting processed by all BeanPostProcessors (for example: not eligible for auto-proxying) 
2019-09-11 14:33:21 [INFO] [org.springframework.context.support.PostProcessorRegistrationDelegate$BeanPostProcessorChecker:327] - Bean 'org.springframework.transaction.annotation.ProxyTransactionManagementConfiguration' of type [org.springframework.transaction.annotation.ProxyTransactionManagementConfiguration$$EnhancerBySpringCGLIB$$e1eb730b] is not eligible for getting processed by all BeanPostProcessors (for example: not eligible for auto-proxying) 
2019-09-11 14:33:22 [INFO] [org.springframework.context.support.PostProcessorRegistrationDelegate$BeanPostProcessorChecker:327] - Bean 'securityManager' of type [org.apache.shiro.web.mgt.DefaultWebSecurityManager] is not eligible for getting processed by all BeanPostProcessors (for example: not eligible for auto-proxying) 
2019-09-11 14:33:23 [INFO] [org.springframework.boot.context.embedded.tomcat.TomcatEmbeddedServletContainer:89] - Tomcat initialized with port(s): 8092 (http) 
2019-09-11 14:33:23 [INFO] [org.apache.juli.logging.DirectJDKLog:179] - Starting service [Tomcat] 
2019-09-11 14:33:23 [INFO] [org.apache.juli.logging.DirectJDKLog:179] - Starting Servlet Engine: Apache Tomcat/8.5.23 
2019-09-11 14:33:23 [INFO] [org.apache.juli.logging.DirectJDKLog:179] - Initializing Spring embedded WebApplicationContext 
2019-09-11 14:33:23 [INFO] [org.springframework.boot.context.embedded.EmbeddedWebApplicationContext:276] - Root WebApplicationContext: initialization completed in 4850 ms 
2019-09-11 14:33:23 [INFO] [org.springframework.boot.web.servlet.ServletRegistrationBean:190] - Mapping servlet: 'dispatcherServlet' to [/] 
2019-09-11 14:33:23 [INFO] [org.springframework.boot.web.servlet.AbstractFilterRegistrationBean:258] - Mapping filter: 'characterEncodingFilter' to: [/*] 
2019-09-11 14:33:23 [INFO] [org.springframework.boot.web.servlet.AbstractFilterRegistrationBean:258] - Mapping filter: 'hiddenHttpMethodFilter' to: [/*] 
2019-09-11 14:33:23 [INFO] [org.springframework.boot.web.servlet.AbstractFilterRegistrationBean:258] - Mapping filter: 'httpPutFormContentFilter' to: [/*] 
2019-09-11 14:33:23 [INFO] [org.springframework.boot.web.servlet.AbstractFilterRegistrationBean:258] - Mapping filter: 'requestContextFilter' to: [/*] 
2019-09-11 14:33:23 [INFO] [org.springframework.boot.web.servlet.AbstractFilterRegistrationBean:258] - Mapping filter: 'shirFilter' to: [/*] 
2019-09-11 14:33:25 [INFO] [org.springframework.web.servlet.mvc.method.annotation.RequestMappingHandlerAdapter:534] - Looking for @ControllerAdvice: org.springframework.boot.context.embedded.AnnotationConfigEmbeddedWebApplicationContext@11d2ddaf: startup date [Wed Sep 11 14:33:18 CST 2019]; root of context hierarchy 
2019-09-11 14:33:25 [INFO] [org.springframework.web.servlet.handler.AbstractHandlerMethodMapping$MappingRegistry:543] - Mapped "{[/sysUser/register],methods=[POST]}" onto public com.zkhy.officialWebsite.common.serverResponse.ServerResponse<com.zkhy.officialWebsite.model.SysUser> com.zkhy.officialWebsite.controller.SysUserController.register(com.zkhy.officialWebsite.model.SysUser) 
2019-09-11 14:33:25 [INFO] [org.springframework.web.servlet.handler.AbstractHandlerMethodMapping$MappingRegistry:543] - Mapped "{[/sysUser/logout],methods=[POST]}" onto public com.zkhy.officialWebsite.common.serverResponse.ServerResponse<com.zkhy.officialWebsite.model.SysUser> com.zkhy.officialWebsite.controller.SysUserController.logout() 
2019-09-11 14:33:25 [INFO] [org.springframework.web.servlet.handler.AbstractHandlerMethodMapping$MappingRegistry:543] - Mapped "{[/sysUser/changePwd],methods=[POST]}" onto public com.zkhy.officialWebsite.common.serverResponse.ServerResponse<com.zkhy.officialWebsite.model.SysUser> com.zkhy.officialWebsite.controller.SysUserController.changePwd(com.zkhy.officialWebsite.common.serverResponse.RequestDTO) 
2019-09-11 14:33:25 [INFO] [org.springframework.web.servlet.handler.AbstractHandlerMethodMapping$MappingRegistry:543] - Mapped "{[/sysUser/changePwds],methods=[POST]}" onto public com.zkhy.officialWebsite.common.serverResponse.ServerResponse<java.lang.Object> com.zkhy.officialWebsite.controller.SysUserController.changePwds(com.zkhy.officialWebsite.common.serverResponse.RequestDTO) 
2019-09-11 14:33:25 [INFO] [org.springframework.web.servlet.handler.AbstractHandlerMethodMapping$MappingRegistry:543] - Mapped "{[/sysUser/login],methods=[POST]}" onto public com.zkhy.officialWebsite.common.serverResponse.ServerResponse<com.zkhy.officialWebsite.model.SysUser> com.zkhy.officialWebsite.controller.SysUserController.login(com.zkhy.officialWebsite.model.SysUser) 
2019-09-11 14:33:25 [INFO] [org.springframework.web.servlet.handler.AbstractHandlerMethodMapping$MappingRegistry:543] - Mapped "{[/sysUser/listSysUser],methods=[POST]}" onto public com.zkhy.officialWebsite.common.serverResponse.ServerResponse<com.zkhy.officialWebsite.common.page.PageRes<com.zkhy.officialWebsite.model.SysUser>> com.zkhy.officialWebsite.controller.SysUserController.listSysUser(com.zkhy.officialWebsite.common.page.PageReq<com.zkhy.officialWebsite.model.SysUser>) 
2019-09-11 14:33:25 [INFO] [org.springframework.web.servlet.handler.AbstractHandlerMethodMapping$MappingRegistry:543] - Mapped "{[/sysUser/del],methods=[POST]}" onto public com.zkhy.officialWebsite.common.serverResponse.ServerResponse<java.lang.Object> com.zkhy.officialWebsite.controller.SysUserController.delSysUser(com.zkhy.officialWebsite.common.serverResponse.RequestDTO) 
2019-09-11 14:33:25 [INFO] [org.springframework.web.servlet.handler.AbstractHandlerMethodMapping$MappingRegistry:543] - Mapped "{[/config]}" onto public void com.zkhy.officialWebsite.ueditor.controller.UEditorController.config(javax.servlet.http.HttpServletRequest,javax.servlet.http.HttpServletResponse) 
2019-09-11 14:33:25 [INFO] [org.springframework.web.servlet.handler.AbstractHandlerMethodMapping$MappingRegistry:543] - Mapped "{[/]}" onto private java.lang.String com.zkhy.officialWebsite.ueditor.controller.UEditorController.showPage() 
2019-09-11 14:33:25 [INFO] [org.springframework.web.servlet.handler.AbstractHandlerMethodMapping$MappingRegistry:543] - Mapped "{[/error]}" onto public org.springframework.http.ResponseEntity<java.util.Map<java.lang.String, java.lang.Object>> org.springframework.boot.autoconfigure.web.BasicErrorController.error(javax.servlet.http.HttpServletRequest) 
2019-09-11 14:33:25 [INFO] [org.springframework.web.servlet.handler.AbstractHandlerMethodMapping$MappingRegistry:543] - Mapped "{[/error],produces=[text/html]}" onto public org.springframework.web.servlet.ModelAndView org.springframework.boot.autoconfigure.web.BasicErrorController.errorHtml(javax.servlet.http.HttpServletRequest,javax.servlet.http.HttpServletResponse) 
2019-09-11 14:33:25 [INFO] [org.springframework.web.servlet.handler.AbstractUrlHandlerMapping:362] - Mapped URL path [/webjars/**] onto handler of type [class org.springframework.web.servlet.resource.ResourceHttpRequestHandler] 
2019-09-11 14:33:25 [INFO] [org.springframework.web.servlet.handler.AbstractUrlHandlerMapping:362] - Mapped URL path [/**] onto handler of type [class org.springframework.web.servlet.resource.ResourceHttpRequestHandler] 
2019-09-11 14:33:25 [INFO] [org.springframework.web.servlet.mvc.method.annotation.ExceptionHandlerExceptionResolver:273] - Detected @ExceptionHandler methods in globalExceptionHandler 
2019-09-11 14:33:25 [INFO] [org.springframework.web.servlet.handler.AbstractUrlHandlerMapping:362] - Mapped URL path [/**/favicon.ico] onto handler of type [class org.springframework.web.servlet.resource.ResourceHttpRequestHandler] 
2019-09-11 14:33:25 [WARN] [org.thymeleaf.templatemode.TemplateMode:150] - [THYMELEAF][restartedMain] Template Mode 'HTML5' is deprecated. Using Template Mode 'HTML' instead. 
2019-09-11 14:33:25 [INFO] [tk.mybatis.mapper.autoconfigure.MapperCacheDisabler:60] - Clear tk.mybatis.mapper.util.MsUtil CLASS_CACHE cache. 
2019-09-11 14:33:25 [INFO] [tk.mybatis.mapper.autoconfigure.MapperCacheDisabler:60] - Clear tk.mybatis.mapper.genid.GenIdUtil CACHE cache. 
2019-09-11 14:33:25 [INFO] [tk.mybatis.mapper.autoconfigure.MapperCacheDisabler:60] - Clear tk.mybatis.mapper.version.VersionUtil CACHE cache. 
2019-09-11 14:33:25 [INFO] [tk.mybatis.mapper.autoconfigure.MapperCacheDisabler:83] - Clear EntityHelper entityTableMap cache. 
2019-09-11 14:33:26 [INFO] [org.springframework.boot.devtools.autoconfigure.OptionalLiveReloadServer:58] - LiveReload server is running on port 35729 
2019-09-11 14:33:26 [INFO] [org.springframework.jmx.export.MBeanExporter:431] - Registering beans for JMX exposure on startup 
2019-09-11 14:33:26 [INFO] [org.springframework.jmx.export.MBeanExporter:916] - Bean with name 'dataSource' has been autodetected for JMX exposure 
2019-09-11 14:33:26 [INFO] [org.springframework.jmx.export.MBeanExporter:671] - Located MBean 'dataSource': registering with JMX server as MBean [com.alibaba.druid.pool:name=dataSource,type=DruidDataSource] 
2019-09-11 14:33:26 [INFO] [org.apache.juli.logging.DirectJDKLog:179] - Initializing ProtocolHandler ["http-nio-8092"] 
2019-09-11 14:33:26 [INFO] [org.apache.juli.logging.DirectJDKLog:179] - Starting ProtocolHandler ["http-nio-8092"] 
2019-09-11 14:33:26 [INFO] [org.apache.juli.logging.DirectJDKLog:179] - Using a shared selector for servlet write/read 
2019-09-11 14:33:26 [INFO] [org.springframework.boot.context.embedded.tomcat.TomcatEmbeddedServletContainer:201] - Tomcat started on port(s): 8092 (http) 
2019-09-11 14:33:26 [INFO] [org.springframework.boot.StartupInfoLogger:57] - Started OfficialWebsiteApplication in 9.444 seconds (JVM running for 10.167) 
2019-09-11 14:33:39 [INFO] [org.apache.juli.logging.DirectJDKLog:179] - Initializing Spring FrameworkServlet 'dispatcherServlet' 
2019-09-11 14:33:39 [INFO] [org.springframework.web.servlet.FrameworkServlet:489] - FrameworkServlet 'dispatcherServlet': initialization started 
2019-09-11 14:33:39 [INFO] [org.springframework.web.servlet.FrameworkServlet:508] - FrameworkServlet 'dispatcherServlet': initialization completed in 90 ms 
2019-09-11 14:33:40 [INFO] [com.alibaba.druid.pool.DruidDataSource:930] - {dataSource-1} inited 
2019-09-11 14:34:34 [INFO] [org.springframework.context.support.AbstractApplicationContext:984] - Closing org.springframework.boot.context.embedded.AnnotationConfigEmbeddedWebApplicationContext@11d2ddaf: startup date [Wed Sep 11 14:33:18 CST 2019]; root of context hierarchy 
2019-09-11 14:34:34 [INFO] [org.springframework.jmx.export.MBeanExporter:449] - Unregistering JMX-exposed beans on shutdown 
2019-09-11 14:34:34 [INFO] [org.springframework.jmx.support.MBeanRegistrationSupport:241] - Unregistering JMX-exposed beans 
2019-09-11 14:34:34 [INFO] [com.alibaba.druid.pool.DruidDataSource:1825] - {dataSource-1} closed 
2019-09-11 14:34:35 [INFO] [org.springframework.boot.StartupInfoLogger:48] - Starting OfficialWebsiteApplication on DESKTOP-JOT3UE1 with PID 17200 (D:\workspaces\tempspace\officialWebsite\target\classes started by Colde in D:\workspaces\tempspace\officialWebsite) 
2019-09-11 14:34:35 [INFO] [org.springframework.boot.SpringApplication:597] - The following profiles are active: prod 
2019-09-11 14:34:35 [INFO] [org.springframework.context.support.AbstractApplicationContext:583] - Refreshing org.springframework.boot.context.embedded.AnnotationConfigEmbeddedWebApplicationContext@660c15c9: startup date [Wed Sep 11 14:34:35 CST 2019]; root of context hierarchy 
2019-09-11 14:34:36 [WARN] [tk.mybatis.spring.mapper.ClassPathMapperScanner:142] - No MyBatis mapper was found in '[com.zkhy.officialWebsite]' package. Please check your configuration. 
2019-09-11 14:34:36 [WARN] [org.mybatis.spring.mapper.ClassPathMapperScanner:166] - No MyBatis mapper was found in '[com.zkhy.officialWebsite]' package. Please check your configuration. 
2019-09-11 14:34:36 [INFO] [org.springframework.context.support.PostProcessorRegistrationDelegate$BeanPostProcessorChecker:327] - Bean 'shiroConfiguration' of type [com.zkhy.officialWebsite.config.ShiroConfiguration$$EnhancerBySpringCGLIB$$7c0f79a4] is not eligible for getting processed by all BeanPostProcessors (for example: not eligible for auto-proxying) 
2019-09-11 14:34:36 [INFO] [org.springframework.context.support.PostProcessorRegistrationDelegate$BeanPostProcessorChecker:327] - Bean 'org.springframework.transaction.annotation.ProxyTransactionManagementConfiguration' of type [org.springframework.transaction.annotation.ProxyTransactionManagementConfiguration$$EnhancerBySpringCGLIB$$e1eb730b] is not eligible for getting processed by all BeanPostProcessors (for example: not eligible for auto-proxying) 
2019-09-11 14:34:36 [INFO] [org.springframework.context.support.PostProcessorRegistrationDelegate$BeanPostProcessorChecker:327] - Bean 'securityManager' of type [org.apache.shiro.web.mgt.DefaultWebSecurityManager] is not eligible for getting processed by all BeanPostProcessors (for example: not eligible for auto-proxying) 
2019-09-11 14:34:36 [INFO] [org.springframework.boot.context.embedded.tomcat.TomcatEmbeddedServletContainer:89] - Tomcat initialized with port(s): 8092 (http) 
2019-09-11 14:34:36 [INFO] [org.apache.juli.logging.DirectJDKLog:179] - Starting service [Tomcat] 
2019-09-11 14:34:36 [INFO] [org.apache.juli.logging.DirectJDKLog:179] - Starting Servlet Engine: Apache Tomcat/8.5.23 
2019-09-11 14:34:36 [INFO] [org.apache.juli.logging.DirectJDKLog:179] - Initializing Spring embedded WebApplicationContext 
2019-09-11 14:34:36 [INFO] [org.springframework.boot.context.embedded.EmbeddedWebApplicationContext:276] - Root WebApplicationContext: initialization completed in 1228 ms 
2019-09-11 14:34:36 [INFO] [org.springframework.boot.web.servlet.ServletRegistrationBean:190] - Mapping servlet: 'dispatcherServlet' to [/] 
2019-09-11 14:34:36 [INFO] [org.springframework.boot.web.servlet.AbstractFilterRegistrationBean:258] - Mapping filter: 'characterEncodingFilter' to: [/*] 
2019-09-11 14:34:36 [INFO] [org.springframework.boot.web.servlet.AbstractFilterRegistrationBean:258] - Mapping filter: 'hiddenHttpMethodFilter' to: [/*] 
2019-09-11 14:34:36 [INFO] [org.springframework.boot.web.servlet.AbstractFilterRegistrationBean:258] - Mapping filter: 'httpPutFormContentFilter' to: [/*] 
2019-09-11 14:34:36 [INFO] [org.springframework.boot.web.servlet.AbstractFilterRegistrationBean:258] - Mapping filter: 'requestContextFilter' to: [/*] 
2019-09-11 14:34:36 [INFO] [org.springframework.boot.web.servlet.AbstractFilterRegistrationBean:258] - Mapping filter: 'shirFilter' to: [/*] 
2019-09-11 14:34:37 [INFO] [org.springframework.web.servlet.mvc.method.annotation.RequestMappingHandlerAdapter:534] - Looking for @ControllerAdvice: org.springframework.boot.context.embedded.AnnotationConfigEmbeddedWebApplicationContext@660c15c9: startup date [Wed Sep 11 14:34:35 CST 2019]; root of context hierarchy 
2019-09-11 14:34:37 [INFO] [org.springframework.web.servlet.handler.AbstractHandlerMethodMapping$MappingRegistry:543] - Mapped "{[/sysUser/register],methods=[POST]}" onto public com.zkhy.officialWebsite.common.serverResponse.ServerResponse<com.zkhy.officialWebsite.model.SysUser> com.zkhy.officialWebsite.controller.SysUserController.register(com.zkhy.officialWebsite.model.SysUser) 
2019-09-11 14:34:37 [INFO] [org.springframework.web.servlet.handler.AbstractHandlerMethodMapping$MappingRegistry:543] - Mapped "{[/sysUser/logout],methods=[POST]}" onto public com.zkhy.officialWebsite.common.serverResponse.ServerResponse<com.zkhy.officialWebsite.model.SysUser> com.zkhy.officialWebsite.controller.SysUserController.logout() 
2019-09-11 14:34:37 [INFO] [org.springframework.web.servlet.handler.AbstractHandlerMethodMapping$MappingRegistry:543] - Mapped "{[/sysUser/changePwd],methods=[POST]}" onto public com.zkhy.officialWebsite.common.serverResponse.ServerResponse<com.zkhy.officialWebsite.model.SysUser> com.zkhy.officialWebsite.controller.SysUserController.changePwd(com.zkhy.officialWebsite.common.serverResponse.RequestDTO) 
2019-09-11 14:34:37 [INFO] [org.springframework.web.servlet.handler.AbstractHandlerMethodMapping$MappingRegistry:543] - Mapped "{[/sysUser/changePwds],methods=[POST]}" onto public com.zkhy.officialWebsite.common.serverResponse.ServerResponse<java.lang.Object> com.zkhy.officialWebsite.controller.SysUserController.changePwds(com.zkhy.officialWebsite.common.serverResponse.RequestDTO) 
2019-09-11 14:34:37 [INFO] [org.springframework.web.servlet.handler.AbstractHandlerMethodMapping$MappingRegistry:543] - Mapped "{[/sysUser/login],methods=[POST]}" onto public com.zkhy.officialWebsite.common.serverResponse.ServerResponse<com.zkhy.officialWebsite.model.SysUser> com.zkhy.officialWebsite.controller.SysUserController.login(com.zkhy.officialWebsite.model.SysUser) 
2019-09-11 14:34:37 [INFO] [org.springframework.web.servlet.handler.AbstractHandlerMethodMapping$MappingRegistry:543] - Mapped "{[/sysUser/listSysUser],methods=[POST]}" onto public com.zkhy.officialWebsite.common.serverResponse.ServerResponse<com.zkhy.officialWebsite.common.page.PageRes<com.zkhy.officialWebsite.model.SysUser>> com.zkhy.officialWebsite.controller.SysUserController.listSysUser(com.zkhy.officialWebsite.common.page.PageReq<com.zkhy.officialWebsite.model.SysUser>) 
2019-09-11 14:34:37 [INFO] [org.springframework.web.servlet.handler.AbstractHandlerMethodMapping$MappingRegistry:543] - Mapped "{[/sysUser/del],methods=[POST]}" onto public com.zkhy.officialWebsite.common.serverResponse.ServerResponse<java.lang.Object> com.zkhy.officialWebsite.controller.SysUserController.delSysUser(com.zkhy.officialWebsite.common.serverResponse.RequestDTO) 
2019-09-11 14:34:37 [INFO] [org.springframework.web.servlet.handler.AbstractHandlerMethodMapping$MappingRegistry:543] - Mapped "{[/config]}" onto public void com.zkhy.officialWebsite.ueditor.controller.UEditorController.config(javax.servlet.http.HttpServletRequest,javax.servlet.http.HttpServletResponse) 
2019-09-11 14:34:37 [INFO] [org.springframework.web.servlet.handler.AbstractHandlerMethodMapping$MappingRegistry:543] - Mapped "{[/]}" onto private java.lang.String com.zkhy.officialWebsite.ueditor.controller.UEditorController.showPage() 
2019-09-11 14:34:37 [INFO] [org.springframework.web.servlet.handler.AbstractHandlerMethodMapping$MappingRegistry:543] - Mapped "{[/error]}" onto public org.springframework.http.ResponseEntity<java.util.Map<java.lang.String, java.lang.Object>> org.springframework.boot.autoconfigure.web.BasicErrorController.error(javax.servlet.http.HttpServletRequest) 
2019-09-11 14:34:37 [INFO] [org.springframework.web.servlet.handler.AbstractHandlerMethodMapping$MappingRegistry:543] - Mapped "{[/error],produces=[text/html]}" onto public org.springframework.web.servlet.ModelAndView org.springframework.boot.autoconfigure.web.BasicErrorController.errorHtml(javax.servlet.http.HttpServletRequest,javax.servlet.http.HttpServletResponse) 
2019-09-11 14:34:37 [INFO] [org.springframework.web.servlet.handler.AbstractUrlHandlerMapping:362] - Mapped URL path [/webjars/**] onto handler of type [class org.springframework.web.servlet.resource.ResourceHttpRequestHandler] 
2019-09-11 14:34:37 [INFO] [org.springframework.web.servlet.handler.AbstractUrlHandlerMapping:362] - Mapped URL path [/**] onto handler of type [class org.springframework.web.servlet.resource.ResourceHttpRequestHandler] 
2019-09-11 14:34:37 [INFO] [org.springframework.web.servlet.mvc.method.annotation.ExceptionHandlerExceptionResolver:273] - Detected @ExceptionHandler methods in globalExceptionHandler 
2019-09-11 14:34:37 [INFO] [org.springframework.web.servlet.handler.AbstractUrlHandlerMapping:362] - Mapped URL path [/**/favicon.ico] onto handler of type [class org.springframework.web.servlet.resource.ResourceHttpRequestHandler] 
2019-09-11 14:34:37 [WARN] [org.thymeleaf.templatemode.TemplateMode:150] - [THYMELEAF][restartedMain] Template Mode 'HTML5' is deprecated. Using Template Mode 'HTML' instead. 
2019-09-11 14:34:37 [INFO] [tk.mybatis.mapper.autoconfigure.MapperCacheDisabler:60] - Clear tk.mybatis.mapper.util.MsUtil CLASS_CACHE cache. 
2019-09-11 14:34:37 [INFO] [tk.mybatis.mapper.autoconfigure.MapperCacheDisabler:60] - Clear tk.mybatis.mapper.genid.GenIdUtil CACHE cache. 
2019-09-11 14:34:37 [INFO] [tk.mybatis.mapper.autoconfigure.MapperCacheDisabler:60] - Clear tk.mybatis.mapper.version.VersionUtil CACHE cache. 
2019-09-11 14:34:37 [INFO] [tk.mybatis.mapper.autoconfigure.MapperCacheDisabler:83] - Clear EntityHelper entityTableMap cache. 
2019-09-11 14:34:37 [INFO] [org.springframework.boot.devtools.autoconfigure.OptionalLiveReloadServer:58] - LiveReload server is running on port 35729 
2019-09-11 14:34:37 [INFO] [org.springframework.jmx.export.MBeanExporter:431] - Registering beans for JMX exposure on startup 
2019-09-11 14:34:37 [INFO] [org.springframework.jmx.export.MBeanExporter:916] - Bean with name 'dataSource' has been autodetected for JMX exposure 
2019-09-11 14:34:37 [INFO] [org.springframework.jmx.export.MBeanExporter:671] - Located MBean 'dataSource': registering with JMX server as MBean [com.alibaba.druid.pool:name=dataSource,type=DruidDataSource] 
2019-09-11 14:34:37 [INFO] [org.apache.juli.logging.DirectJDKLog:179] - Initializing ProtocolHandler ["http-nio-8092"] 
2019-09-11 14:34:37 [INFO] [org.apache.juli.logging.DirectJDKLog:179] - Starting ProtocolHandler ["http-nio-8092"] 
2019-09-11 14:34:37 [INFO] [org.apache.juli.logging.DirectJDKLog:179] - Using a shared selector for servlet write/read 
2019-09-11 14:34:37 [INFO] [org.springframework.boot.context.embedded.tomcat.TomcatEmbeddedServletContainer:201] - Tomcat started on port(s): 8092 (http) 
2019-09-11 14:34:37 [INFO] [org.springframework.boot.StartupInfoLogger:57] - Started OfficialWebsiteApplication in 2.257 seconds (JVM running for 80.927) 
2019-09-11 14:34:49 [INFO] [org.springframework.context.support.AbstractApplicationContext:984] - Closing org.springframework.boot.context.embedded.AnnotationConfigEmbeddedWebApplicationContext@660c15c9: startup date [Wed Sep 11 14:34:35 CST 2019]; root of context hierarchy 
2019-09-11 14:34:49 [INFO] [org.springframework.jmx.export.MBeanExporter:449] - Unregistering JMX-exposed beans on shutdown 
2019-09-11 14:34:49 [INFO] [org.springframework.jmx.support.MBeanRegistrationSupport:241] - Unregistering JMX-exposed beans 
2019-09-11 14:34:50 [INFO] [org.springframework.boot.StartupInfoLogger:48] - Starting OfficialWebsiteApplication on DESKTOP-JOT3UE1 with PID 17200 (D:\workspaces\tempspace\officialWebsite\target\classes started by Colde in D:\workspaces\tempspace\officialWebsite) 
2019-09-11 14:34:50 [INFO] [org.springframework.boot.SpringApplication:597] - The following profiles are active: prod 
2019-09-11 14:34:50 [INFO] [org.springframework.context.support.AbstractApplicationContext:583] - Refreshing org.springframework.boot.context.embedded.AnnotationConfigEmbeddedWebApplicationContext@4eae0d48: startup date [Wed Sep 11 14:34:50 CST 2019]; root of context hierarchy 
2019-09-11 14:34:50 [WARN] [tk.mybatis.spring.mapper.ClassPathMapperScanner:142] - No MyBatis mapper was found in '[com.zkhy.officialWebsite]' package. Please check your configuration. 
2019-09-11 14:34:50 [WARN] [org.mybatis.spring.mapper.ClassPathMapperScanner:166] - No MyBatis mapper was found in '[com.zkhy.officialWebsite]' package. Please check your configuration. 
2019-09-11 14:34:50 [INFO] [org.springframework.context.support.PostProcessorRegistrationDelegate$BeanPostProcessorChecker:327] - Bean 'shiroConfiguration' of type [com.zkhy.officialWebsite.config.ShiroConfiguration$$EnhancerBySpringCGLIB$$7c0f79a4] is not eligible for getting processed by all BeanPostProcessors (for example: not eligible for auto-proxying) 
2019-09-11 14:34:50 [INFO] [org.springframework.context.support.PostProcessorRegistrationDelegate$BeanPostProcessorChecker:327] - Bean 'org.springframework.transaction.annotation.ProxyTransactionManagementConfiguration' of type [org.springframework.transaction.annotation.ProxyTransactionManagementConfiguration$$EnhancerBySpringCGLIB$$e1eb730b] is not eligible for getting processed by all BeanPostProcessors (for example: not eligible for auto-proxying) 
2019-09-11 14:34:50 [INFO] [org.springframework.context.support.PostProcessorRegistrationDelegate$BeanPostProcessorChecker:327] - Bean 'securityManager' of type [org.apache.shiro.web.mgt.DefaultWebSecurityManager] is not eligible for getting processed by all BeanPostProcessors (for example: not eligible for auto-proxying) 
2019-09-11 14:34:51 [INFO] [org.springframework.boot.context.embedded.tomcat.TomcatEmbeddedServletContainer:89] - Tomcat initialized with port(s): 8092 (http) 
2019-09-11 14:34:51 [INFO] [org.apache.juli.logging.DirectJDKLog:179] - Starting service [Tomcat] 
2019-09-11 14:34:51 [INFO] [org.apache.juli.logging.DirectJDKLog:179] - Starting Servlet Engine: Apache Tomcat/8.5.23 
2019-09-11 14:34:51 [INFO] [org.apache.juli.logging.DirectJDKLog:179] - Initializing Spring embedded WebApplicationContext 
2019-09-11 14:34:51 [INFO] [org.springframework.boot.context.embedded.EmbeddedWebApplicationContext:276] - Root WebApplicationContext: initialization completed in 984 ms 
2019-09-11 14:34:51 [INFO] [org.springframework.boot.web.servlet.ServletRegistrationBean:190] - Mapping servlet: 'dispatcherServlet' to [/] 
2019-09-11 14:34:51 [INFO] [org.springframework.boot.web.servlet.AbstractFilterRegistrationBean:258] - Mapping filter: 'characterEncodingFilter' to: [/*] 
2019-09-11 14:34:51 [INFO] [org.springframework.boot.web.servlet.AbstractFilterRegistrationBean:258] - Mapping filter: 'hiddenHttpMethodFilter' to: [/*] 
2019-09-11 14:34:51 [INFO] [org.springframework.boot.web.servlet.AbstractFilterRegistrationBean:258] - Mapping filter: 'httpPutFormContentFilter' to: [/*] 
2019-09-11 14:34:51 [INFO] [org.springframework.boot.web.servlet.AbstractFilterRegistrationBean:258] - Mapping filter: 'requestContextFilter' to: [/*] 
2019-09-11 14:34:51 [INFO] [org.springframework.boot.web.servlet.AbstractFilterRegistrationBean:258] - Mapping filter: 'shirFilter' to: [/*] 
2019-09-11 14:34:51 [INFO] [org.springframework.web.servlet.mvc.method.annotation.RequestMappingHandlerAdapter:534] - Looking for @ControllerAdvice: org.springframework.boot.context.embedded.AnnotationConfigEmbeddedWebApplicationContext@4eae0d48: startup date [Wed Sep 11 14:34:50 CST 2019]; root of context hierarchy 
2019-09-11 14:34:51 [INFO] [org.springframework.web.servlet.handler.AbstractHandlerMethodMapping$MappingRegistry:543] - Mapped "{[/sysUser/register],methods=[POST]}" onto public com.zkhy.officialWebsite.common.serverResponse.ServerResponse<com.zkhy.officialWebsite.model.SysUser> com.zkhy.officialWebsite.controller.SysUserController.register(com.zkhy.officialWebsite.model.SysUser) 
2019-09-11 14:34:51 [INFO] [org.springframework.web.servlet.handler.AbstractHandlerMethodMapping$MappingRegistry:543] - Mapped "{[/sysUser/logout],methods=[POST]}" onto public com.zkhy.officialWebsite.common.serverResponse.ServerResponse<com.zkhy.officialWebsite.model.SysUser> com.zkhy.officialWebsite.controller.SysUserController.logout() 
2019-09-11 14:34:51 [INFO] [org.springframework.web.servlet.handler.AbstractHandlerMethodMapping$MappingRegistry:543] - Mapped "{[/sysUser/changePwd],methods=[POST]}" onto public com.zkhy.officialWebsite.common.serverResponse.ServerResponse<com.zkhy.officialWebsite.model.SysUser> com.zkhy.officialWebsite.controller.SysUserController.changePwd(com.zkhy.officialWebsite.common.serverResponse.RequestDTO) 
2019-09-11 14:34:51 [INFO] [org.springframework.web.servlet.handler.AbstractHandlerMethodMapping$MappingRegistry:543] - Mapped "{[/sysUser/changePwds],methods=[POST]}" onto public com.zkhy.officialWebsite.common.serverResponse.ServerResponse<java.lang.Object> com.zkhy.officialWebsite.controller.SysUserController.changePwds(com.zkhy.officialWebsite.common.serverResponse.RequestDTO) 
2019-09-11 14:34:51 [INFO] [org.springframework.web.servlet.handler.AbstractHandlerMethodMapping$MappingRegistry:543] - Mapped "{[/sysUser/login],methods=[POST]}" onto public com.zkhy.officialWebsite.common.serverResponse.ServerResponse<com.zkhy.officialWebsite.model.SysUser> com.zkhy.officialWebsite.controller.SysUserController.login(com.zkhy.officialWebsite.model.SysUser) 
2019-09-11 14:34:51 [INFO] [org.springframework.web.servlet.handler.AbstractHandlerMethodMapping$MappingRegistry:543] - Mapped "{[/sysUser/listSysUser],methods=[POST]}" onto public com.zkhy.officialWebsite.common.serverResponse.ServerResponse<com.zkhy.officialWebsite.common.page.PageRes<com.zkhy.officialWebsite.model.SysUser>> com.zkhy.officialWebsite.controller.SysUserController.listSysUser(com.zkhy.officialWebsite.common.page.PageReq<com.zkhy.officialWebsite.model.SysUser>) 
2019-09-11 14:34:51 [INFO] [org.springframework.web.servlet.handler.AbstractHandlerMethodMapping$MappingRegistry:543] - Mapped "{[/sysUser/del],methods=[POST]}" onto public com.zkhy.officialWebsite.common.serverResponse.ServerResponse<java.lang.Object> com.zkhy.officialWebsite.controller.SysUserController.delSysUser(com.zkhy.officialWebsite.common.serverResponse.RequestDTO) 
2019-09-11 14:34:51 [INFO] [org.springframework.web.servlet.handler.AbstractHandlerMethodMapping$MappingRegistry:543] - Mapped "{[/config]}" onto public void com.zkhy.officialWebsite.ueditor.controller.UEditorController.config(javax.servlet.http.HttpServletRequest,javax.servlet.http.HttpServletResponse) 
2019-09-11 14:34:51 [INFO] [org.springframework.web.servlet.handler.AbstractHandlerMethodMapping$MappingRegistry:543] - Mapped "{[/]}" onto private java.lang.String com.zkhy.officialWebsite.ueditor.controller.UEditorController.showPage() 
2019-09-11 14:34:51 [INFO] [org.springframework.web.servlet.handler.AbstractHandlerMethodMapping$MappingRegistry:543] - Mapped "{[/error]}" onto public org.springframework.http.ResponseEntity<java.util.Map<java.lang.String, java.lang.Object>> org.springframework.boot.autoconfigure.web.BasicErrorController.error(javax.servlet.http.HttpServletRequest) 
2019-09-11 14:34:51 [INFO] [org.springframework.web.servlet.handler.AbstractHandlerMethodMapping$MappingRegistry:543] - Mapped "{[/error],produces=[text/html]}" onto public org.springframework.web.servlet.ModelAndView org.springframework.boot.autoconfigure.web.BasicErrorController.errorHtml(javax.servlet.http.HttpServletRequest,javax.servlet.http.HttpServletResponse) 
2019-09-11 14:34:51 [INFO] [org.springframework.web.servlet.handler.AbstractUrlHandlerMapping:362] - Mapped URL path [/webjars/**] onto handler of type [class org.springframework.web.servlet.resource.ResourceHttpRequestHandler] 
2019-09-11 14:34:51 [INFO] [org.springframework.web.servlet.handler.AbstractUrlHandlerMapping:362] - Mapped URL path [/**] onto handler of type [class org.springframework.web.servlet.resource.ResourceHttpRequestHandler] 
2019-09-11 14:34:51 [INFO] [org.springframework.web.servlet.mvc.method.annotation.ExceptionHandlerExceptionResolver:273] - Detected @ExceptionHandler methods in globalExceptionHandler 
2019-09-11 14:34:51 [INFO] [org.springframework.web.servlet.handler.AbstractUrlHandlerMapping:362] - Mapped URL path [/**/favicon.ico] onto handler of type [class org.springframework.web.servlet.resource.ResourceHttpRequestHandler] 
2019-09-11 14:34:51 [WARN] [org.thymeleaf.templatemode.TemplateMode:150] - [THYMELEAF][restartedMain] Template Mode 'HTML5' is deprecated. Using Template Mode 'HTML' instead. 
2019-09-11 14:34:51 [INFO] [tk.mybatis.mapper.autoconfigure.MapperCacheDisabler:60] - Clear tk.mybatis.mapper.util.MsUtil CLASS_CACHE cache. 
2019-09-11 14:34:51 [INFO] [tk.mybatis.mapper.autoconfigure.MapperCacheDisabler:60] - Clear tk.mybatis.mapper.genid.GenIdUtil CACHE cache. 
2019-09-11 14:34:51 [INFO] [tk.mybatis.mapper.autoconfigure.MapperCacheDisabler:60] - Clear tk.mybatis.mapper.version.VersionUtil CACHE cache. 
2019-09-11 14:34:51 [INFO] [tk.mybatis.mapper.autoconfigure.MapperCacheDisabler:83] - Clear EntityHelper entityTableMap cache. 
2019-09-11 14:34:52 [INFO] [org.springframework.boot.devtools.autoconfigure.OptionalLiveReloadServer:58] - LiveReload server is running on port 35729 
2019-09-11 14:34:52 [INFO] [org.springframework.jmx.export.MBeanExporter:431] - Registering beans for JMX exposure on startup 
2019-09-11 14:34:52 [INFO] [org.springframework.jmx.export.MBeanExporter:916] - Bean with name 'dataSource' has been autodetected for JMX exposure 
2019-09-11 14:34:52 [INFO] [org.springframework.jmx.export.MBeanExporter:671] - Located MBean 'dataSource': registering with JMX server as MBean [com.alibaba.druid.pool:name=dataSource,type=DruidDataSource] 
2019-09-11 14:34:52 [INFO] [org.apache.juli.logging.DirectJDKLog:179] - Initializing ProtocolHandler ["http-nio-8092"] 
2019-09-11 14:34:52 [INFO] [org.apache.juli.logging.DirectJDKLog:179] - Starting ProtocolHandler ["http-nio-8092"] 
2019-09-11 14:34:52 [INFO] [org.apache.juli.logging.DirectJDKLog:179] - Using a shared selector for servlet write/read 
2019-09-11 14:34:52 [INFO] [org.springframework.boot.context.embedded.tomcat.TomcatEmbeddedServletContainer:201] - Tomcat started on port(s): 8092 (http) 
2019-09-11 14:34:52 [INFO] [org.springframework.boot.StartupInfoLogger:57] - Started OfficialWebsiteApplication in 2.413 seconds (JVM running for 95.611) 
2019-09-11 14:35:07 [INFO] [org.springframework.context.support.AbstractApplicationContext:984] - Closing org.springframework.boot.context.embedded.AnnotationConfigEmbeddedWebApplicationContext@4eae0d48: startup date [Wed Sep 11 14:34:50 CST 2019]; root of context hierarchy 
2019-09-11 14:35:07 [INFO] [org.springframework.jmx.export.MBeanExporter:449] - Unregistering JMX-exposed beans on shutdown 
2019-09-11 14:35:07 [INFO] [org.springframework.jmx.support.MBeanRegistrationSupport:241] - Unregistering JMX-exposed beans 
2019-09-11 14:35:07 [INFO] [org.springframework.boot.StartupInfoLogger:48] - Starting OfficialWebsiteApplication on DESKTOP-JOT3UE1 with PID 17200 (D:\workspaces\tempspace\officialWebsite\target\classes started by Colde in D:\workspaces\tempspace\officialWebsite) 
2019-09-11 14:35:07 [INFO] [org.springframework.boot.SpringApplication:597] - The following profiles are active: prod 
2019-09-11 14:35:07 [INFO] [org.springframework.context.support.AbstractApplicationContext:583] - Refreshing org.springframework.boot.context.embedded.AnnotationConfigEmbeddedWebApplicationContext@6db56172: startup date [Wed Sep 11 14:35:07 CST 2019]; root of context hierarchy 
2019-09-11 14:35:08 [WARN] [tk.mybatis.spring.mapper.ClassPathMapperScanner:142] - No MyBatis mapper was found in '[com.zkhy.officialWebsite]' package. Please check your configuration. 
2019-09-11 14:35:08 [WARN] [org.mybatis.spring.mapper.ClassPathMapperScanner:166] - No MyBatis mapper was found in '[com.zkhy.officialWebsite]' package. Please check your configuration. 
2019-09-11 14:35:08 [INFO] [org.springframework.context.support.PostProcessorRegistrationDelegate$BeanPostProcessorChecker:327] - Bean 'shiroConfiguration' of type [com.zkhy.officialWebsite.config.ShiroConfiguration$$EnhancerBySpringCGLIB$$7c0f79a4] is not eligible for getting processed by all BeanPostProcessors (for example: not eligible for auto-proxying) 
2019-09-11 14:35:08 [INFO] [org.springframework.context.support.PostProcessorRegistrationDelegate$BeanPostProcessorChecker:327] - Bean 'org.springframework.transaction.annotation.ProxyTransactionManagementConfiguration' of type [org.springframework.transaction.annotation.ProxyTransactionManagementConfiguration$$EnhancerBySpringCGLIB$$e1eb730b] is not eligible for getting processed by all BeanPostProcessors (for example: not eligible for auto-proxying) 
2019-09-11 14:35:08 [INFO] [org.springframework.context.support.PostProcessorRegistrationDelegate$BeanPostProcessorChecker:327] - Bean 'securityManager' of type [org.apache.shiro.web.mgt.DefaultWebSecurityManager] is not eligible for getting processed by all BeanPostProcessors (for example: not eligible for auto-proxying) 
2019-09-11 14:35:08 [INFO] [org.springframework.boot.context.embedded.tomcat.TomcatEmbeddedServletContainer:89] - Tomcat initialized with port(s): 8092 (http) 
2019-09-11 14:35:08 [INFO] [org.apache.juli.logging.DirectJDKLog:179] - Starting service [Tomcat] 
2019-09-11 14:35:08 [INFO] [org.apache.juli.logging.DirectJDKLog:179] - Starting Servlet Engine: Apache Tomcat/8.5.23 
2019-09-11 14:35:08 [INFO] [org.apache.juli.logging.DirectJDKLog:179] - Initializing Spring embedded WebApplicationContext 
2019-09-11 14:35:08 [INFO] [org.springframework.boot.context.embedded.EmbeddedWebApplicationContext:276] - Root WebApplicationContext: initialization completed in 827 ms 
2019-09-11 14:35:08 [INFO] [org.springframework.boot.web.servlet.ServletRegistrationBean:190] - Mapping servlet: 'dispatcherServlet' to [/] 
2019-09-11 14:35:08 [INFO] [org.springframework.boot.web.servlet.AbstractFilterRegistrationBean:258] - Mapping filter: 'characterEncodingFilter' to: [/*] 
2019-09-11 14:35:08 [INFO] [org.springframework.boot.web.servlet.AbstractFilterRegistrationBean:258] - Mapping filter: 'hiddenHttpMethodFilter' to: [/*] 
2019-09-11 14:35:08 [INFO] [org.springframework.boot.web.servlet.AbstractFilterRegistrationBean:258] - Mapping filter: 'httpPutFormContentFilter' to: [/*] 
2019-09-11 14:35:08 [INFO] [org.springframework.boot.web.servlet.AbstractFilterRegistrationBean:258] - Mapping filter: 'requestContextFilter' to: [/*] 
2019-09-11 14:35:08 [INFO] [org.springframework.boot.web.servlet.AbstractFilterRegistrationBean:258] - Mapping filter: 'shirFilter' to: [/*] 
2019-09-11 14:35:08 [INFO] [org.springframework.web.servlet.mvc.method.annotation.RequestMappingHandlerAdapter:534] - Looking for @ControllerAdvice: org.springframework.boot.context.embedded.AnnotationConfigEmbeddedWebApplicationContext@6db56172: startup date [Wed Sep 11 14:35:07 CST 2019]; root of context hierarchy 
2019-09-11 14:35:08 [INFO] [org.springframework.web.servlet.handler.AbstractHandlerMethodMapping$MappingRegistry:543] - Mapped "{[/sysUser/register],methods=[POST]}" onto public com.zkhy.officialWebsite.common.serverResponse.ServerResponse<com.zkhy.officialWebsite.model.SysUser> com.zkhy.officialWebsite.controller.SysUserController.register(com.zkhy.officialWebsite.model.SysUser) 
2019-09-11 14:35:08 [INFO] [org.springframework.web.servlet.handler.AbstractHandlerMethodMapping$MappingRegistry:543] - Mapped "{[/sysUser/logout],methods=[POST]}" onto public com.zkhy.officialWebsite.common.serverResponse.ServerResponse<com.zkhy.officialWebsite.model.SysUser> com.zkhy.officialWebsite.controller.SysUserController.logout() 
2019-09-11 14:35:08 [INFO] [org.springframework.web.servlet.handler.AbstractHandlerMethodMapping$MappingRegistry:543] - Mapped "{[/sysUser/changePwd],methods=[POST]}" onto public com.zkhy.officialWebsite.common.serverResponse.ServerResponse<com.zkhy.officialWebsite.model.SysUser> com.zkhy.officialWebsite.controller.SysUserController.changePwd(com.zkhy.officialWebsite.common.serverResponse.RequestDTO) 
2019-09-11 14:35:08 [INFO] [org.springframework.web.servlet.handler.AbstractHandlerMethodMapping$MappingRegistry:543] - Mapped "{[/sysUser/changePwds],methods=[POST]}" onto public com.zkhy.officialWebsite.common.serverResponse.ServerResponse<java.lang.Object> com.zkhy.officialWebsite.controller.SysUserController.changePwds(com.zkhy.officialWebsite.common.serverResponse.RequestDTO) 
2019-09-11 14:35:08 [INFO] [org.springframework.web.servlet.handler.AbstractHandlerMethodMapping$MappingRegistry:543] - Mapped "{[/sysUser/login],methods=[POST]}" onto public com.zkhy.officialWebsite.common.serverResponse.ServerResponse<com.zkhy.officialWebsite.model.SysUser> com.zkhy.officialWebsite.controller.SysUserController.login(com.zkhy.officialWebsite.model.SysUser) 
2019-09-11 14:35:08 [INFO] [org.springframework.web.servlet.handler.AbstractHandlerMethodMapping$MappingRegistry:543] - Mapped "{[/sysUser/listSysUser],methods=[POST]}" onto public com.zkhy.officialWebsite.common.serverResponse.ServerResponse<com.zkhy.officialWebsite.common.page.PageRes<com.zkhy.officialWebsite.model.SysUser>> com.zkhy.officialWebsite.controller.SysUserController.listSysUser(com.zkhy.officialWebsite.common.page.PageReq<com.zkhy.officialWebsite.model.SysUser>) 
2019-09-11 14:35:08 [INFO] [org.springframework.web.servlet.handler.AbstractHandlerMethodMapping$MappingRegistry:543] - Mapped "{[/sysUser/del],methods=[POST]}" onto public com.zkhy.officialWebsite.common.serverResponse.ServerResponse<java.lang.Object> com.zkhy.officialWebsite.controller.SysUserController.delSysUser(com.zkhy.officialWebsite.common.serverResponse.RequestDTO) 
2019-09-11 14:35:08 [INFO] [org.springframework.web.servlet.handler.AbstractHandlerMethodMapping$MappingRegistry:543] - Mapped "{[/config]}" onto public void com.zkhy.officialWebsite.ueditor.controller.UEditorController.config(javax.servlet.http.HttpServletRequest,javax.servlet.http.HttpServletResponse) 
2019-09-11 14:35:08 [INFO] [org.springframework.web.servlet.handler.AbstractHandlerMethodMapping$MappingRegistry:543] - Mapped "{[/]}" onto private java.lang.String com.zkhy.officialWebsite.ueditor.controller.UEditorController.showPage() 
2019-09-11 14:35:08 [INFO] [org.springframework.web.servlet.handler.AbstractHandlerMethodMapping$MappingRegistry:543] - Mapped "{[/error]}" onto public org.springframework.http.ResponseEntity<java.util.Map<java.lang.String, java.lang.Object>> org.springframework.boot.autoconfigure.web.BasicErrorController.error(javax.servlet.http.HttpServletRequest) 
2019-09-11 14:35:08 [INFO] [org.springframework.web.servlet.handler.AbstractHandlerMethodMapping$MappingRegistry:543] - Mapped "{[/error],produces=[text/html]}" onto public org.springframework.web.servlet.ModelAndView org.springframework.boot.autoconfigure.web.BasicErrorController.errorHtml(javax.servlet.http.HttpServletRequest,javax.servlet.http.HttpServletResponse) 
2019-09-11 14:35:08 [INFO] [org.springframework.web.servlet.handler.AbstractUrlHandlerMapping:362] - Mapped URL path [/webjars/**] onto handler of type [class org.springframework.web.servlet.resource.ResourceHttpRequestHandler] 
2019-09-11 14:35:08 [INFO] [org.springframework.web.servlet.handler.AbstractUrlHandlerMapping:362] - Mapped URL path [/**] onto handler of type [class org.springframework.web.servlet.resource.ResourceHttpRequestHandler] 
2019-09-11 14:35:08 [INFO] [org.springframework.web.servlet.mvc.method.annotation.ExceptionHandlerExceptionResolver:273] - Detected @ExceptionHandler methods in globalExceptionHandler 
2019-09-11 14:35:08 [INFO] [org.springframework.web.servlet.handler.AbstractUrlHandlerMapping:362] - Mapped URL path [/**/favicon.ico] onto handler of type [class org.springframework.web.servlet.resource.ResourceHttpRequestHandler] 
2019-09-11 14:35:08 [WARN] [org.thymeleaf.templatemode.TemplateMode:150] - [THYMELEAF][restartedMain] Template Mode 'HTML5' is deprecated. Using Template Mode 'HTML' instead. 
2019-09-11 14:35:08 [INFO] [tk.mybatis.mapper.autoconfigure.MapperCacheDisabler:60] - Clear tk.mybatis.mapper.util.MsUtil CLASS_CACHE cache. 
2019-09-11 14:35:08 [INFO] [tk.mybatis.mapper.autoconfigure.MapperCacheDisabler:60] - Clear tk.mybatis.mapper.genid.GenIdUtil CACHE cache. 
2019-09-11 14:35:08 [INFO] [tk.mybatis.mapper.autoconfigure.MapperCacheDisabler:60] - Clear tk.mybatis.mapper.version.VersionUtil CACHE cache. 
2019-09-11 14:35:08 [INFO] [tk.mybatis.mapper.autoconfigure.MapperCacheDisabler:83] - Clear EntityHelper entityTableMap cache. 
2019-09-11 14:35:09 [INFO] [org.springframework.boot.devtools.autoconfigure.OptionalLiveReloadServer:58] - LiveReload server is running on port 35729 
2019-09-11 14:35:09 [INFO] [org.springframework.jmx.export.MBeanExporter:431] - Registering beans for JMX exposure on startup 
2019-09-11 14:35:09 [INFO] [org.springframework.jmx.export.MBeanExporter:916] - Bean with name 'dataSource' has been autodetected for JMX exposure 
2019-09-11 14:35:09 [INFO] [org.springframework.jmx.export.MBeanExporter:671] - Located MBean 'dataSource': registering with JMX server as MBean [com.alibaba.druid.pool:name=dataSource,type=DruidDataSource] 
2019-09-11 14:35:09 [INFO] [org.apache.juli.logging.DirectJDKLog:179] - Initializing ProtocolHandler ["http-nio-8092"] 
2019-09-11 14:35:09 [INFO] [org.apache.juli.logging.DirectJDKLog:179] - Starting ProtocolHandler ["http-nio-8092"] 
2019-09-11 14:35:09 [INFO] [org.apache.juli.logging.DirectJDKLog:179] - Using a shared selector for servlet write/read 
2019-09-11 14:35:09 [INFO] [org.springframework.boot.context.embedded.tomcat.TomcatEmbeddedServletContainer:201] - Tomcat started on port(s): 8092 (http) 
2019-09-11 14:35:09 [INFO] [org.springframework.boot.StartupInfoLogger:57] - Started OfficialWebsiteApplication in 1.545 seconds (JVM running for 112.46) 
